TN:
SF:C:/Users/CHIBOY/Desktop/WEConnect/index.js
FN:13,(anonymous_1)
FN:16,(anonymous_2)
FNF:2
FNH:0
FNDA:0,(anonymous_1)
FNDA:0,(anonymous_2)
DA:1,1
DA:2,1
DA:3,1
DA:4,1
DA:6,1
DA:8,1
DA:9,1
DA:10,1
DA:12,1
DA:13,1
DA:15,1
DA:16,0
LF:12
LH:11
BRDA:15,0,0,0
BRDA:15,0,1,1
BRF:2
BRH:1
end_of_record
TN:
SF:C:/Users/CHIBOY/Desktop/WEConnect/server/controllers/index.js
FN:13,AllController
FN:50,(anonymous_10)
FN:72,(anonymous_11)
FN:110,(anonymous_14)
FN:134,(anonymous_17)
FN:160,(anonymous_18)
FN:205,(anonymous_21)
FN:207,(anonymous_22)
FN:251,(anonymous_25)
FN:253,(anonymous_26)
FN:260,(anonymous_27)
FN:279,(anonymous_30)
FN:297,(anonymous_33)
FN:315,(anonymous_36)
FN:338,(anonymous_39)
FN:346,(anonymous_40)
FN:370,(anonymous_43)
FN:371,(anonymous_44)
FN:398,(anonymous_45)
FN:416,(anonymous_48)
FN:417,(anonymous_49)
FNF:21
FNH:20
FNDA:1,AllController
FNDA:8,(anonymous_10)
FNDA:40,(anonymous_11)
FNDA:4,(anonymous_14)
FNDA:5,(anonymous_17)
FNDA:16,(anonymous_18)
FNDA:3,(anonymous_21)
FNDA:5,(anonymous_22)
FNDA:3,(anonymous_25)
FNDA:5,(anonymous_26)
FNDA:3,(anonymous_27)
FNDA:3,(anonymous_30)
FNDA:0,(anonymous_33)
FNDA:4,(anonymous_36)
FNDA:4,(anonymous_39)
FNDA:4,(anonymous_40)
FNDA:4,(anonymous_43)
FNDA:6,(anonymous_44)
FNDA:1,(anonymous_45)
FNDA:3,(anonymous_48)
FNDA:2,(anonymous_49)
DA:13,1
DA:14,1
DA:15,1
DA:16,1
DA:17,1
DA:18,1
DA:27,1
DA:28,1
DA:29,1
DA:30,1
DA:31,1
DA:32,1
DA:33,1
DA:34,1
DA:35,1
DA:36,1
DA:48,9
DA:49,9
DA:50,9
DA:52,9
DA:53,9
DA:54,1
DA:56,8
DA:59,9
DA:67,9
DA:68,1
DA:72,8
DA:73,40
DA:76,8
DA:77,5
DA:78,3
DA:79,1
DA:80,2
DA:81,1
DA:83,1
DA:84,1
DA:85,1
DA:86,1
DA:87,1
DA:91,1
DA:92,1
DA:109,4
DA:110,4
DA:112,4
DA:113,1
DA:114,3
DA:115,1
DA:117,2
DA:131,5
DA:132,5
DA:133,5
DA:134,5
DA:136,5
DA:137,5
DA:138,1
DA:140,4
DA:143,5
DA:144,1
DA:148,4
DA:155,4
DA:156,0
DA:160,4
DA:161,16
DA:164,4
DA:165,1
DA:167,3
DA:168,3
DA:169,3
DA:170,3
DA:171,3
DA:172,3
DA:173,3
DA:184,3
DA:185,3
DA:203,3
DA:204,3
DA:205,3
DA:206,3
DA:207,5
DA:209,3
DA:210,1
DA:214,2
DA:215,1
DA:218,1
DA:221,1
DA:224,1
DA:227,1
DA:230,1
DA:233,1
DA:236,1
DA:250,3
DA:251,3
DA:252,3
DA:253,5
DA:255,3
DA:256,1
DA:259,2
DA:260,3
DA:262,1
DA:265,1
DA:278,2
DA:279,3
DA:281,2
DA:282,1
DA:283,1
DA:296,0
DA:297,0
DA:299,0
DA:300,0
DA:301,0
DA:314,2
DA:315,4
DA:317,2
DA:318,1
DA:319,1
DA:335,5
DA:336,0
DA:337,5
DA:338,4
DA:339,2
DA:340,1
DA:342,1
DA:344,3
DA:346,4
DA:347,2
DA:348,1
DA:350,1
DA:353,1
DA:367,4
DA:368,4
DA:369,4
DA:370,4
DA:371,6
DA:373,4
DA:374,4
DA:375,4
DA:377,0
DA:380,4
DA:381,1
DA:384,3
DA:385,1
DA:388,2
DA:389,1
DA:391,1
DA:392,1
DA:393,1
DA:397,1
DA:398,1
DA:399,1
DA:415,2
DA:416,3
DA:417,2
DA:419,2
DA:420,1
DA:421,1
DA:422,0
DA:424,1
LF:157
LH:148
BRDA:53,0,0,1
BRDA:53,0,1,8
BRDA:67,1,0,1
BRDA:67,1,1,8
BRDA:73,2,0,7
BRDA:73,2,1,33
BRDA:76,3,0,5
BRDA:76,3,1,3
BRDA:78,4,0,1
BRDA:78,4,1,2
BRDA:80,5,0,1
BRDA:80,5,1,1
BRDA:112,6,0,1
BRDA:112,6,1,3
BRDA:114,7,0,1
BRDA:114,7,1,2
BRDA:114,8,0,3
BRDA:114,8,1,2
BRDA:137,9,0,1
BRDA:137,9,1,4
BRDA:143,10,0,1
BRDA:143,10,1,4
BRDA:155,11,0,0
BRDA:155,11,1,4
BRDA:161,12,0,3
BRDA:161,12,1,13
BRDA:164,13,0,1
BRDA:164,13,1,3
BRDA:209,14,0,1
BRDA:209,14,1,2
BRDA:214,15,0,1
BRDA:214,15,1,1
BRDA:214,16,0,2
BRDA:214,16,1,1
BRDA:216,17,0,1
BRDA:216,17,1,0
BRDA:219,18,0,1
BRDA:219,18,1,0
BRDA:222,19,0,1
BRDA:222,19,1,0
BRDA:225,20,0,1
BRDA:225,20,1,0
BRDA:228,21,0,1
BRDA:228,21,1,0
BRDA:231,22,0,1
BRDA:231,22,1,0
BRDA:255,23,0,1
BRDA:255,23,1,2
BRDA:259,24,0,1
BRDA:259,24,1,1
BRDA:259,25,0,2
BRDA:259,25,1,1
BRDA:281,26,0,1
BRDA:281,26,1,1
BRDA:299,27,0,0
BRDA:299,27,1,0
BRDA:299,28,0,0
BRDA:299,28,1,0
BRDA:317,29,0,1
BRDA:317,29,1,1
BRDA:317,30,0,2
BRDA:317,30,1,2
BRDA:335,31,0,0
BRDA:335,31,1,5
BRDA:337,32,0,2
BRDA:337,32,1,3
BRDA:339,33,0,1
BRDA:339,33,1,1
BRDA:344,34,0,2
BRDA:344,34,1,1
BRDA:347,35,0,1
BRDA:347,35,1,1
BRDA:374,36,0,4
BRDA:374,36,1,0
BRDA:380,37,0,1
BRDA:380,37,1,3
BRDA:384,38,0,1
BRDA:384,38,1,2
BRDA:388,39,0,1
BRDA:388,39,1,1
BRDA:419,40,0,1
BRDA:419,40,1,1
BRDA:421,41,0,0
BRDA:421,41,1,1
BRF:84
BRH:70
end_of_record
TN:
SF:C:/Users/CHIBOY/Desktop/WEConnect/server/routes/index.js
FN:8,(anonymous_2)
FNF:1
FNH:1
FNDA:1,(anonymous_2)
DA:1,1
DA:2,1
DA:4,1
DA:5,1
DA:8,1
DA:9,1
LF:6
LH:6
BRF:0
BRH:0
end_of_record
